{"/tmp/cc-agent/67759970/project/src/constants/index.ts": {"path":"/tmp/cc-agent/67759970/project/src/constants/index.ts","statementMap":{"0":{"start":{"line":4,"column":22},"end":{"line":12,"column":null}},"1":{"start":{"line":17,"column":28},"end":{"line":17,"column":null}},"2":{"start":{"line":18,"column":55},"end":{"line":24,"column":null}},"3":{"start":{"line":27,"column":25},"end":{"line":27,"column":null}},"4":{"start":{"line":30,"column":83},"end":{"line":35,"column":null}},"5":{"start":{"line":37,"column":54},"end":{"line":42,"column":null}},"6":{"start":{"line":44,"column":32},"end":{"line":50,"column":null}},"7":{"start":{"line":52,"column":30},"end":{"line":57,"column":null}},"8":{"start":{"line":60,"column":29},"end":{"line":66,"column":null}},"9":{"start":{"line":69,"column":26},"end":{"line":75,"column":null}},"10":{"start":{"line":78,"column":33},"end":{"line":78,"column":null}},"11":{"start":{"line":79,"column":36},"end":{"line":79,"column":null}},"12":{"start":{"line":80,"column":35},"end":{"line":80,"column":null}},"13":{"start":{"line":83,"column":38},"end":{"line":83,"column":null}},"14":{"start":{"line":84,"column":28},"end":{"line":84,"column":null}},"15":{"start":{"line":85,"column":28},"end":{"line":85,"column":null}},"16":{"start":{"line":88,"column":20},"end":{"line":100,"column":null}},"17":{"start":{"line":103,"column":36},"end":{"line":108,"column":null}}},"fnMap":{},"branchMap":{},"s":{"0":11,"1":11,"2":11,"3":11,"4":11,"5":11,"6":11,"7":11,"8":11,"9":11,"10":11,"11":11,"12":11,"13":11,"14":11,"15":11,"16":11,"17":11},"f":{},"b":{},"meta":{"lastBranch":0,"lastFunction":0,"lastStatement":18,"seen":{"s:4:22:12:Infinity":0,"s:17:28:17:Infinity":1,"s:18:55:24:Infinity":2,"s:27:25:27:Infinity":3,"s:30:83:35:Infinity":4,"s:37:54:42:Infinity":5,"s:44:32:50:Infinity":6,"s:52:30:57:Infinity":7,"s:60:29:66:Infinity":8,"s:69:26:75:Infinity":9,"s:78:33:78:Infinity":10,"s:79:36:79:Infinity":11,"s:80:35:80:Infinity":12,"s:83:38:83:Infinity":13,"s:84:28:84:Infinity":14,"s:85:28:85:Infinity":15,"s:88:20:100:Infinity":16,"s:103:36:108:Infinity":17},"fnNames":{}}}
,"/tmp/cc-agent/67759970/project/src/hooks/index.ts": {"path":"/tmp/cc-agent/67759970/project/src/hooks/index.ts","statementMap":{"0":{"start":{"line":8,"column":22},"end":{"line":8,"column":null}},"1":{"start":{"line":10,"column":2},"end":{"line":14,"column":null}},"2":{"start":{"line":11,"column":10},"end":{"line":11,"column":null}},"3":{"start":{"line":11,"column":34},"end":{"line":11,"column":null}},"4":{"start":{"line":12,"column":4},"end":{"line":12,"column":null}},"5":{"start":{"line":13,"column":4},"end":{"line":13,"column":null}},"6":{"start":{"line":13,"column":17},"end":{"line":13,"column":null}},"7":{"start":{"line":16,"column":8},"end":{"line":16,"column":null}},"8":{"start":{"line":16,"column":49},"end":{"line":16,"column":71}},"9":{"start":{"line":18,"column":2},"end":{"line":18,"column":null}},"10":{"start":{"line":25,"column":18},"end":{"line":25,"column":null}},"11":{"start":{"line":27,"column":2},"end":{"line":33,"column":null}},"12":{"start":{"line":28,"column":10},"end":{"line":28,"column":null}},"13":{"start":{"line":28,"column":41},"end":{"line":28,"column":84}},"14":{"start":{"line":28,"column":66},"end":{"line":28,"column":84}},"15":{"start":{"line":29,"column":10},"end":{"line":29,"column":null}},"16":{"start":{"line":29,"column":39},"end":{"line":29,"column":83}},"17":{"start":{"line":29,"column":64},"end":{"line":29,"column":83}},"18":{"start":{"line":30,"column":4},"end":{"line":30,"column":null}},"19":{"start":{"line":31,"column":4},"end":{"line":31,"column":null}},"20":{"start":{"line":32,"column":4},"end":{"line":32,"column":null}},"21":{"start":{"line":32,"column":19},"end":{"line":32,"column":64}},"22":{"start":{"line":32,"column":64},"end":{"line":32,"column":105}},"23":{"start":{"line":35,"column":2},"end":{"line":35,"column":null}}},"fnMap":{"0":{"name":"useNavigation","decl":{"start":{"line":7,"column":16},"end":{"line":7,"column":30}},"loc":{"start":{"line":7,"column":78},"end":{"line":19,"column":null}},"line":7},"1":{"name":"(anonymous_1)","decl":{"start":{"line":10,"column":2},"end":{"line":10,"column":18}},"loc":{"start":{"line":10,"column":18},"end":{"line":14,"column":5}},"line":10},"2":{"name":"(anonymous_2)","decl":{"start":{"line":11,"column":10},"end":{"line":11,"column":21}},"loc":{"start":{"line":11,"column":34},"end":{"line":11,"column":null}},"line":11},"3":{"name":"(anonymous_3)","decl":{"start":{"line":13,"column":4},"end":{"line":13,"column":17}},"loc":{"start":{"line":13,"column":17},"end":{"line":13,"column":null}},"line":13},"4":{"name":"(anonymous_4)","decl":{"start":{"line":16,"column":19},"end":{"line":16,"column":32}},"loc":{"start":{"line":16,"column":49},"end":{"line":16,"column":71}},"line":16},"5":{"name":"useKeyPress","decl":{"start":{"line":24,"column":16},"end":{"line":24,"column":28}},"loc":{"start":{"line":24,"column":56},"end":{"line":36,"column":null}},"line":24},"6":{"name":"(anonymous_6)","decl":{"start":{"line":27,"column":2},"end":{"line":27,"column":18}},"loc":{"start":{"line":27,"column":18},"end":{"line":33,"column":5}},"line":27},"7":{"name":"(anonymous_7)","decl":{"start":{"line":28,"column":10},"end":{"line":28,"column":18}},"loc":{"start":{"line":28,"column":39},"end":{"line":28,"column":null}},"line":28},"8":{"name":"(anonymous_8)","decl":{"start":{"line":29,"column":10},"end":{"line":29,"column":16}},"loc":{"start":{"line":29,"column":37},"end":{"line":29,"column":null}},"line":29},"9":{"name":"(anonymous_9)","decl":{"start":{"line":32,"column":4},"end":{"line":32,"column":17}},"loc":{"start":{"line":32,"column":17},"end":{"line":32,"column":null}},"line":32}},"branchMap":{"0":{"loc":{"start":{"line":7,"column":30},"end":{"line":7,"column":78}},"type":"default-arg","locations":[{"start":{"line":7,"column":60},"end":{"line":7,"column":78}}],"line":7},"1":{"loc":{"start":{"line":28,"column":41},"end":{"line":28,"column":84}},"type":"if","locations":[{"start":{"line":28,"column":41},"end":{"line":28,"column":84}},{"start":{},"end":{}}],"line":28},"2":{"loc":{"start":{"line":29,"column":39},"end":{"line":29,"column":83}},"type":"if","locations":[{"start":{"line":29,"column":39},"end":{"line":29,"column":83}},{"start":{},"end":{}}],"line":29}},"s":{"0":6,"1":6,"2":4,"3":1,"4":4,"5":4,"6":4,"7":6,"8":1,"9":6,"10":8,"11":8,"12":5,"13":3,"14":2,"15":5,"16":1,"17":1,"18":5,"19":5,"20":5,"21":5,"22":5,"23":8},"f":{"0":6,"1":4,"2":1,"3":4,"4":1,"5":8,"6":5,"7":3,"8":1,"9":5},"b":{"0":[6],"1":[2,1],"2":[1,0]},"meta":{"lastBranch":3,"lastFunction":10,"lastStatement":24,"seen":{"f:7:16:7:30":0,"b:7:60:7:78":0,"s:8:22:8:Infinity":0,"s:10:2:14:Infinity":1,"f:10:2:10:18":1,"s:11:10:11:Infinity":2,"f:11:10:11:21":2,"s:11:34:11:Infinity":3,"s:12:4:12:Infinity":4,"s:13:4:13:Infinity":5,"f:13:4:13:17":3,"s:13:17:13:Infinity":6,"s:16:8:16:Infinity":7,"f:16:19:16:32":4,"s:16:49:16:71":8,"s:18:2:18:Infinity":9,"f:24:16:24:28":5,"s:25:18:25:Infinity":10,"s:27:2:33:Infinity":11,"f:27:2:27:18":6,"s:28:10:28:Infinity":12,"f:28:10:28:18":7,"b:28:41:28:84:undefined:undefined:undefined:undefined":1,"s:28:41:28:84":13,"s:28:66:28:84":14,"s:29:10:29:Infinity":15,"f:29:10:29:16":8,"b:29:39:29:83:undefined:undefined:undefined:undefined":2,"s:29:39:29:83":16,"s:29:64:29:83":17,"s:30:4:30:Infinity":18,"s:31:4:31:Infinity":19,"s:32:4:32:Infinity":20,"f:32:4:32:17":9,"s:32:19:32:64":21,"s:32:64:32:105":22,"s:35:2:35:Infinity":23},"fnNames":{}}}
,"/tmp/cc-agent/67759970/project/src/services/checkin.ts": {"path":"/tmp/cc-agent/67759970/project/src/services/checkin.ts","statementMap":{"0":{"start":{"line":21,"column":29},"end":{"line":21,"column":null}},"1":{"start":{"line":22,"column":26},"end":{"line":22,"column":null}},"2":{"start":{"line":23,"column":24},"end":{"line":23,"column":null}},"3":{"start":{"line":24,"column":25},"end":{"line":24,"column":null}},"4":{"start":{"line":25,"column":28},"end":{"line":25,"column":null}},"5":{"start":{"line":26,"column":8},"end":{"line":26,"column":null}},"6":{"start":{"line":27,"column":8},"end":{"line":27,"column":null}},"7":{"start":{"line":29,"column":2},"end":{"line":37,"column":null}},"8":{"start":{"line":42,"column":2},"end":{"line":42,"column":null}}},"fnMap":{"0":{"name":"computeCheckin","decl":{"start":{"line":16,"column":16},"end":{"line":16,"column":null}},"loc":{"start":{"line":20,"column":45},"end":{"line":38,"column":null}},"line":20},"1":{"name":"getCheckinPoints","decl":{"start":{"line":41,"column":16},"end":{"line":41,"column":43}},"loc":{"start":{"line":41,"column":43},"end":{"line":43,"column":null}},"line":41}},"branchMap":{},"s":{"0":6,"1":6,"2":6,"3":6,"4":6,"5":6,"6":6,"7":6,"8":1},"f":{"0":6,"1":1},"b":{},"meta":{"lastBranch":0,"lastFunction":2,"lastStatement":9,"seen":{"f:16:16:16:Infinity":0,"s:21:29:21:Infinity":0,"s:22:26:22:Infinity":1,"s:23:24:23:Infinity":2,"s:24:25:24:Infinity":3,"s:25:28:25:Infinity":4,"s:26:8:26:Infinity":5,"s:27:8:27:Infinity":6,"s:29:2:37:Infinity":7,"f:41:16:41:43":1,"s:42:2:42:Infinity":8},"fnNames":{}}}
,"/tmp/cc-agent/67759970/project/src/services/emissions.ts": {"path":"/tmp/cc-agent/67759970/project/src/services/emissions.ts","statementMap":{"0":{"start":{"line":12,"column":49},"end":{"line":12,"column":null}},"1":{"start":{"line":15,"column":44},"end":{"line":15,"column":null}},"2":{"start":{"line":18,"column":28},"end":{"line":18,"column":null}},"3":{"start":{"line":21,"column":27},"end":{"line":21,"column":null}},"4":{"start":{"line":24,"column":22},"end":{"line":24,"column":null}},"5":{"start":{"line":27,"column":21},"end":{"line":27,"column":null}},"6":{"start":{"line":30,"column":20},"end":{"line":30,"column":null}},"7":{"start":{"line":33,"column":25},"end":{"line":33,"column":null}},"8":{"start":{"line":36,"column":24},"end":{"line":36,"column":null}},"9":{"start":{"line":39,"column":47},"end":{"line":39,"column":null}},"10":{"start":{"line":42,"column":30},"end":{"line":42,"column":null}},"11":{"start":{"line":45,"column":39},"end":{"line":45,"column":null}},"12":{"start":{"line":48,"column":23},"end":{"line":48,"column":null}},"13":{"start":{"line":51,"column":39},"end":{"line":51,"column":null}},"14":{"start":{"line":54,"column":45},"end":{"line":54,"column":null}},"15":{"start":{"line":57,"column":45},"end":{"line":57,"column":null}},"16":{"start":{"line":60,"column":27},"end":{"line":60,"column":null}},"17":{"start":{"line":63,"column":44},"end":{"line":63,"column":null}},"18":{"start":{"line":66,"column":43},"end":{"line":66,"column":null}},"19":{"start":{"line":69,"column":21},"end":{"line":69,"column":null}},"20":{"start":{"line":72,"column":25},"end":{"line":72,"column":null}},"21":{"start":{"line":84,"column":20},"end":{"line":84,"column":null}},"22":{"start":{"line":85,"column":18},"end":{"line":85,"column":null}},"23":{"start":{"line":86,"column":17},"end":{"line":86,"column":null}},"24":{"start":{"line":87,"column":15},"end":{"line":87,"column":null}},"25":{"start":{"line":88,"column":16},"end":{"line":88,"column":null}},"26":{"start":{"line":89,"column":16},"end":{"line":89,"column":null}},"27":{"start":{"line":91,"column":2},"end":{"line":98,"column":null}},"28":{"start":{"line":110,"column":48},"end":{"line":116,"column":null}},"29":{"start":{"line":117,"column":2},"end":{"line":117,"column":null}},"30":{"start":{"line":117,"column":25},"end":{"line":117,"column":36}},"31":{"start":{"line":118,"column":2},"end":{"line":118,"column":null}},"32":{"start":{"line":129,"column":2},"end":{"line":129,"column":null}},"33":{"start":{"line":129,"column":21},"end":{"line":129,"column":null}},"34":{"start":{"line":130,"column":2},"end":{"line":130,"column":null}},"35":{"start":{"line":140,"column":2},"end":{"line":140,"column":null}},"36":{"start":{"line":140,"column":26},"end":{"line":140,"column":null}},"37":{"start":{"line":141,"column":2},"end":{"line":141,"column":null}},"38":{"start":{"line":141,"column":26},"end":{"line":141,"column":null}},"39":{"start":{"line":142,"column":2},"end":{"line":142,"column":null}},"40":{"start":{"line":142,"column":25},"end":{"line":142,"column":null}},"41":{"start":{"line":143,"column":2},"end":{"line":143,"column":null}},"42":{"start":{"line":143,"column":25},"end":{"line":143,"column":null}},"43":{"start":{"line":144,"column":2},"end":{"line":144,"column":null}},"44":{"start":{"line":150,"column":21},"end":{"line":150,"column":null}},"45":{"start":{"line":151,"column":30},"end":{"line":151,"column":null}},"46":{"start":{"line":152,"column":31},"end":{"line":152,"column":null}},"47":{"start":{"line":153,"column":29},"end":{"line":153,"column":null}},"48":{"start":{"line":154,"column":2},"end":{"line":154,"column":null}},"49":{"start":{"line":158,"column":18},"end":{"line":158,"column":null}},"50":{"start":{"line":159,"column":18},"end":{"line":161,"column":null}},"51":{"start":{"line":162,"column":17},"end":{"line":164,"column":null}},"52":{"start":{"line":165,"column":2},"end":{"line":165,"column":null}},"53":{"start":{"line":169,"column":31},"end":{"line":169,"column":null}},"54":{"start":{"line":170,"column":24},"end":{"line":170,"column":null}},"55":{"start":{"line":171,"column":27},"end":{"line":171,"column":null}},"56":{"start":{"line":172,"column":29},"end":{"line":172,"column":null}},"57":{"start":{"line":173,"column":2},"end":{"line":173,"column":null}},"58":{"start":{"line":177,"column":8},"end":{"line":177,"column":null}},"59":{"start":{"line":178,"column":20},"end":{"line":178,"column":null}},"60":{"start":{"line":179,"column":20},"end":{"line":179,"column":null}},"61":{"start":{"line":180,"column":2},"end":{"line":180,"column":null}},"62":{"start":{"line":184,"column":22},"end":{"line":184,"column":null}},"63":{"start":{"line":185,"column":24},"end":{"line":185,"column":null}},"64":{"start":{"line":186,"column":8},"end":{"line":186,"column":null}},"65":{"start":{"line":187,"column":2},"end":{"line":187,"column":null}}},"fnMap":{"0":{"name":"calculateEmissions","decl":{"start":{"line":83,"column":16},"end":{"line":83,"column":35}},"loc":{"start":{"line":83,"column":98},"end":{"line":99,"column":null}},"line":83},"1":{"name":"getWorstCategory","decl":{"start":{"line":109,"column":16},"end":{"line":109,"column":33}},"loc":{"start":{"line":109,"column":81},"end":{"line":119,"column":null}},"line":109},"2":{"name":"(anonymous_2)","decl":{"start":{"line":117,"column":10},"end":{"line":117,"column":16}},"loc":{"start":{"line":117,"column":25},"end":{"line":117,"column":36}},"line":117},"3":{"name":"getReductionPct","decl":{"start":{"line":128,"column":16},"end":{"line":128,"column":32}},"loc":{"start":{"line":128,"column":75},"end":{"line":131,"column":null}},"line":128},"4":{"name":"getGardenLevel","decl":{"start":{"line":139,"column":16},"end":{"line":139,"column":31}},"loc":{"start":{"line":139,"column":72},"end":{"line":145,"column":null}},"line":139},"5":{"name":"calcTransport","decl":{"start":{"line":149,"column":9},"end":{"line":149,"column":23}},"loc":{"start":{"line":149,"column":75},"end":{"line":155,"column":null}},"line":149},"6":{"name":"calcFlights","decl":{"start":{"line":157,"column":9},"end":{"line":157,"column":21}},"loc":{"start":{"line":157,"column":73},"end":{"line":166,"column":null}},"line":157},"7":{"name":"calcEnergy","decl":{"start":{"line":168,"column":9},"end":{"line":168,"column":20}},"loc":{"start":{"line":168,"column":72},"end":{"line":174,"column":null}},"line":168},"8":{"name":"calcFood","decl":{"start":{"line":176,"column":9},"end":{"line":176,"column":18}},"loc":{"start":{"line":176,"column":48},"end":{"line":181,"column":null}},"line":176},"9":{"name":"calcWaste","decl":{"start":{"line":183,"column":9},"end":{"line":183,"column":19}},"loc":{"start":{"line":183,"column":49},"end":{"line":188,"column":null}},"line":183}},"branchMap":{"0":{"loc":{"start":{"line":129,"column":2},"end":{"line":129,"column":null}},"type":"if","locations":[{"start":{"line":129,"column":2},"end":{"line":129,"column":null}},{"start":{},"end":{}}],"line":129},"1":{"loc":{"start":{"line":140,"column":2},"end":{"line":140,"column":null}},"type":"if","locations":[{"start":{"line":140,"column":2},"end":{"line":140,"column":null}},{"start":{},"end":{}}],"line":140},"2":{"loc":{"start":{"line":141,"column":2},"end":{"line":141,"column":null}},"type":"if","locations":[{"start":{"line":141,"column":2},"end":{"line":141,"column":null}},{"start":{},"end":{}}],"line":141},"3":{"loc":{"start":{"line":142,"column":2},"end":{"line":142,"column":null}},"type":"if","locations":[{"start":{"line":142,"column":2},"end":{"line":142,"column":null}},{"start":{},"end":{}}],"line":142},"4":{"loc":{"start":{"line":143,"column":2},"end":{"line":143,"column":null}},"type":"if","locations":[{"start":{"line":143,"column":2},"end":{"line":143,"column":null}},{"start":{},"end":{}}],"line":143},"5":{"loc":{"start":{"line":150,"column":21},"end":{"line":150,"column":null}},"type":"binary-expr","locations":[{"start":{"line":150,"column":21},"end":{"line":150,"column":73}},{"start":{"line":150,"column":73},"end":{"line":150,"column":null}}],"line":150},"6":{"loc":{"start":{"line":153,"column":29},"end":{"line":153,"column":null}},"type":"binary-expr","locations":[{"start":{"line":153,"column":29},"end":{"line":153,"column":81}},{"start":{"line":153,"column":81},"end":{"line":153,"column":null}}],"line":153},"7":{"loc":{"start":{"line":159,"column":18},"end":{"line":161,"column":null}},"type":"cond-expr","locations":[{"start":{"line":160,"column":6},"end":{"line":160,"column":null}},{"start":{"line":161,"column":6},"end":{"line":161,"column":null}}],"line":159},"8":{"loc":{"start":{"line":162,"column":17},"end":{"line":164,"column":null}},"type":"cond-expr","locations":[{"start":{"line":163,"column":6},"end":{"line":163,"column":null}},{"start":{"line":164,"column":6},"end":{"line":164,"column":null}}],"line":162},"9":{"loc":{"start":{"line":170,"column":24},"end":{"line":170,"column":null}},"type":"binary-expr","locations":[{"start":{"line":170,"column":24},"end":{"line":170,"column":72}},{"start":{"line":170,"column":72},"end":{"line":170,"column":null}}],"line":170},"10":{"loc":{"start":{"line":177,"column":20},"end":{"line":177,"column":60}},"type":"binary-expr","locations":[{"start":{"line":177,"column":20},"end":{"line":177,"column":53}},{"start":{"line":177,"column":53},"end":{"line":177,"column":60}}],"line":177},"11":{"loc":{"start":{"line":178,"column":20},"end":{"line":178,"column":null}},"type":"binary-expr","locations":[{"start":{"line":178,"column":20},"end":{"line":178,"column":65}},{"start":{"line":178,"column":65},"end":{"line":178,"column":null}}],"line":178},"12":{"loc":{"start":{"line":179,"column":20},"end":{"line":179,"column":null}},"type":"binary-expr","locations":[{"start":{"line":179,"column":20},"end":{"line":179,"column":65}},{"start":{"line":179,"column":65},"end":{"line":179,"column":null}}],"line":179},"13":{"loc":{"start":{"line":185,"column":24},"end":{"line":185,"column":null}},"type":"binary-expr","locations":[{"start":{"line":185,"column":24},"end":{"line":185,"column":67}},{"start":{"line":185,"column":67},"end":{"line":185,"column":null}}],"line":185},"14":{"loc":{"start":{"line":186,"column":24},"end":{"line":186,"column":72}},"type":"binary-expr","locations":[{"start":{"line":186,"column":24},"end":{"line":186,"column":65}},{"start":{"line":186,"column":65},"end":{"line":186,"column":72}}],"line":186}},"s":{"0":6,"1":6,"2":6,"3":6,"4":6,"5":6,"6":6,"7":6,"8":6,"9":6,"10":6,"11":6,"12":6,"13":6,"14":6,"15":6,"16":6,"17":6,"18":6,"19":6,"20":6,"21":47,"22":47,"23":47,"24":47,"25":47,"26":47,"27":47,"28":3,"29":3,"30":19,"31":3,"32":13,"33":1,"34":12,"35":35,"36":9,"37":26,"38":7,"39":19,"40":11,"41":8,"42":4,"43":4,"44":47,"45":47,"46":47,"47":47,"48":47,"49":47,"50":47,"51":47,"52":47,"53":47,"54":47,"55":47,"56":47,"57":47,"58":47,"59":47,"60":47,"61":47,"62":47,"63":47,"64":47,"65":47},"f":{"0":47,"1":3,"2":19,"3":13,"4":35,"5":47,"6":47,"7":47,"8":47,"9":47},"b":{"0":[1,12],"1":[9,26],"2":[7,19],"3":[11,8],"4":[4,4],"5":[47,0],"6":[47,0],"7":[29,18],"8":[29,18],"9":[47,0],"10":[47,0],"11":[47,0],"12":[47,0],"13":[47,0],"14":[47,0]},"meta":{"lastBranch":15,"lastFunction":10,"lastStatement":66,"seen":{"s:12:49:12:Infinity":0,"s:15:44:15:Infinity":1,"s:18:28:18:Infinity":2,"s:21:27:21:Infinity":3,"s:24:22:24:Infinity":4,"s:27:21:27:Infinity":5,"s:30:20:30:Infinity":6,"s:33:25:33:Infinity":7,"s:36:24:36:Infinity":8,"s:39:47:39:Infinity":9,"s:42:30:42:Infinity":10,"s:45:39:45:Infinity":11,"s:48:23:48:Infinity":12,"s:51:39:51:Infinity":13,"s:54:45:54:Infinity":14,"s:57:45:57:Infinity":15,"s:60:27:60:Infinity":16,"s:63:44:63:Infinity":17,"s:66:43:66:Infinity":18,"s:69:21:69:Infinity":19,"s:72:25:72:Infinity":20,"f:83:16:83:35":0,"s:84:20:84:Infinity":21,"s:85:18:85:Infinity":22,"s:86:17:86:Infinity":23,"s:87:15:87:Infinity":24,"s:88:16:88:Infinity":25,"s:89:16:89:Infinity":26,"s:91:2:98:Infinity":27,"f:109:16:109:33":1,"s:110:48:116:Infinity":28,"s:117:2:117:Infinity":29,"f:117:10:117:16":2,"s:117:25:117:36":30,"s:118:2:118:Infinity":31,"f:128:16:128:32":3,"b:129:2:129:Infinity:undefined:undefined:undefined:undefined":0,"s:129:2:129:Infinity":32,"s:129:21:129:Infinity":33,"s:130:2:130:Infinity":34,"f:139:16:139:31":4,"b:140:2:140:Infinity:undefined:undefined:undefined:undefined":1,"s:140:2:140:Infinity":35,"s:140:26:140:Infinity":36,"b:141:2:141:Infinity:undefined:undefined:undefined:undefined":2,"s:141:2:141:Infinity":37,"s:141:26:141:Infinity":38,"b:142:2:142:Infinity:undefined:undefined:undefined:undefined":3,"s:142:2:142:Infinity":39,"s:142:25:142:Infinity":40,"b:143:2:143:Infinity:undefined:undefined:undefined:undefined":4,"s:143:2:143:Infinity":41,"s:143:25:143:Infinity":42,"s:144:2:144:Infinity":43,"f:149:9:149:23":5,"s:150:21:150:Infinity":44,"b:150:21:150:73:150:73:150:Infinity":5,"s:151:30:151:Infinity":45,"s:152:31:152:Infinity":46,"s:153:29:153:Infinity":47,"b:153:29:153:81:153:81:153:Infinity":6,"s:154:2:154:Infinity":48,"f:157:9:157:21":6,"s:158:18:158:Infinity":49,"s:159:18:161:Infinity":50,"b:160:6:160:Infinity:161:6:161:Infinity":7,"s:162:17:164:Infinity":51,"b:163:6:163:Infinity:164:6:164:Infinity":8,"s:165:2:165:Infinity":52,"f:168:9:168:20":7,"s:169:31:169:Infinity":53,"s:170:24:170:Infinity":54,"b:170:24:170:72:170:72:170:Infinity":9,"s:171:27:171:Infinity":55,"s:172:29:172:Infinity":56,"s:173:2:173:Infinity":57,"f:176:9:176:18":8,"s:177:8:177:Infinity":58,"b:177:20:177:53:177:53:177:60":10,"s:178:20:178:Infinity":59,"b:178:20:178:65:178:65:178:Infinity":11,"s:179:20:179:Infinity":60,"b:179:20:179:65:179:65:179:Infinity":12,"s:180:2:180:Infinity":61,"f:183:9:183:19":9,"s:184:22:184:Infinity":62,"s:185:24:185:Infinity":63,"b:185:24:185:67:185:67:185:Infinity":13,"s:186:8:186:Infinity":64,"b:186:24:186:65:186:65:186:72":14,"s:187:2:187:Infinity":65},"fnNames":{}}}
,"/tmp/cc-agent/67759970/project/src/services/navigation.ts": {"path":"/tmp/cc-agent/67759970/project/src/services/navigation.ts","statementMap":{"0":{"start":{"line":5,"column":2},"end":{"line":5,"column":null}},"1":{"start":{"line":10,"column":2},"end":{"line":10,"column":null}},"2":{"start":{"line":15,"column":2},"end":{"line":15,"column":null}},"3":{"start":{"line":20,"column":2},"end":{"line":20,"column":null}}},"fnMap":{"0":{"name":"navigateTo","decl":{"start":{"line":4,"column":16},"end":{"line":4,"column":27}},"loc":{"start":{"line":4,"column":55},"end":{"line":6,"column":null}},"line":4},"1":{"name":"navigateToAuth","decl":{"start":{"line":9,"column":16},"end":{"line":9,"column":39}},"loc":{"start":{"line":9,"column":39},"end":{"line":11,"column":null}},"line":9},"2":{"name":"navigateToDashboard","decl":{"start":{"line":14,"column":16},"end":{"line":14,"column":44}},"loc":{"start":{"line":14,"column":44},"end":{"line":16,"column":null}},"line":14},"3":{"name":"navigateToQuiz","decl":{"start":{"line":19,"column":16},"end":{"line":19,"column":39}},"loc":{"start":{"line":19,"column":39},"end":{"line":21,"column":null}},"line":19}},"branchMap":{},"s":{"0":4,"1":1,"2":1,"3":1},"f":{"0":4,"1":1,"2":1,"3":1},"b":{},"meta":{"lastBranch":0,"lastFunction":4,"lastStatement":4,"seen":{"f:4:16:4:27":0,"s:5:2:5:Infinity":0,"f:9:16:9:39":1,"s:10:2:10:Infinity":1,"f:14:16:14:44":2,"s:15:2:15:Infinity":2,"f:19:16:19:39":3,"s:20:2:20:Infinity":3},"fnNames":{}}}
,"/tmp/cc-agent/67759970/project/src/services/rankings.ts": {"path":"/tmp/cc-agent/67759970/project/src/services/rankings.ts","statementMap":{"0":{"start":{"line":9,"column":17},"end":{"line":9,"column":null}},"1":{"start":{"line":10,"column":2},"end":{"line":10,"column":null}},"2":{"start":{"line":15,"column":2},"end":{"line":15,"column":null}},"3":{"start":{"line":20,"column":2},"end":{"line":20,"column":null}},"4":{"start":{"line":25,"column":2},"end":{"line":25,"column":null}},"5":{"start":{"line":25,"column":18},"end":{"line":25,"column":null}},"6":{"start":{"line":26,"column":2},"end":{"line":26,"column":null}},"7":{"start":{"line":26,"column":18},"end":{"line":26,"column":null}},"8":{"start":{"line":27,"column":2},"end":{"line":27,"column":null}},"9":{"start":{"line":27,"column":18},"end":{"line":27,"column":null}},"10":{"start":{"line":28,"column":2},"end":{"line":28,"column":null}}},"fnMap":{"0":{"name":"getBadgeStyle","decl":{"start":{"line":8,"column":16},"end":{"line":8,"column":30}},"loc":{"start":{"line":8,"column":68},"end":{"line":11,"column":null}},"line":8},"1":{"name":"getBadgeLetter","decl":{"start":{"line":14,"column":16},"end":{"line":14,"column":31}},"loc":{"start":{"line":14,"column":52},"end":{"line":16,"column":null}},"line":14},"2":{"name":"getBadgeLabel","decl":{"start":{"line":19,"column":16},"end":{"line":19,"column":30}},"loc":{"start":{"line":19,"column":52},"end":{"line":21,"column":null}},"line":19},"3":{"name":"getRankStyle","decl":{"start":{"line":24,"column":16},"end":{"line":24,"column":29}},"loc":{"start":{"line":24,"column":51},"end":{"line":29,"column":null}},"line":24}},"branchMap":{"0":{"loc":{"start":{"line":10,"column":9},"end":{"line":10,"column":null}},"type":"cond-expr","locations":[{"start":{"line":10,"column":18},"end":{"line":10,"column":34}},{"start":{"line":10,"column":34},"end":{"line":10,"column":null}}],"line":10},"1":{"loc":{"start":{"line":20,"column":31},"end":{"line":20,"column":null}},"type":"cond-expr","locations":[{"start":{"line":20,"column":46},"end":{"line":20,"column":60}},{"start":{"line":20,"column":60},"end":{"line":20,"column":null}}],"line":20},"2":{"loc":{"start":{"line":25,"column":2},"end":{"line":25,"column":null}},"type":"if","locations":[{"start":{"line":25,"column":2},"end":{"line":25,"column":null}},{"start":{},"end":{}}],"line":25},"3":{"loc":{"start":{"line":26,"column":2},"end":{"line":26,"column":null}},"type":"if","locations":[{"start":{"line":26,"column":2},"end":{"line":26,"column":null}},{"start":{},"end":{}}],"line":26},"4":{"loc":{"start":{"line":27,"column":2},"end":{"line":27,"column":null}},"type":"if","locations":[{"start":{"line":27,"column":2},"end":{"line":27,"column":null}},{"start":{},"end":{}}],"line":27}},"s":{"0":4,"1":4,"2":4,"3":2,"4":5,"5":1,"6":4,"7":4,"8":3,"9":3,"10":2},"f":{"0":4,"1":4,"2":2,"3":5},"b":{"0":[3,1],"1":[1,1],"2":[1,4],"3":[1,3],"4":[1,2]},"meta":{"lastBranch":5,"lastFunction":4,"lastStatement":11,"seen":{"f:8:16:8:30":0,"s:9:17:9:Infinity":0,"s:10:2:10:Infinity":1,"b:10:18:10:34:10:34:10:Infinity":0,"f:14:16:14:31":1,"s:15:2:15:Infinity":2,"f:19:16:19:30":2,"s:20:2:20:Infinity":3,"b:20:46:20:60:20:60:20:Infinity":1,"f:24:16:24:29":3,"b:25:2:25:Infinity:undefined:undefined:undefined:undefined":2,"s:25:2:25:Infinity":4,"s:25:18:25:Infinity":5,"b:26:2:26:Infinity:undefined:undefined:undefined:undefined":3,"s:26:2:26:Infinity":6,"s:26:18:26:Infinity":7,"b:27:2:27:Infinity:undefined:undefined:undefined:undefined":4,"s:27:2:27:Infinity":8,"s:27:18:27:Infinity":9,"s:28:2:28:Infinity":10},"fnNames":{}}}
,"/tmp/cc-agent/67759970/project/src/utils/emissions.ts": {"path":"/tmp/cc-agent/67759970/project/src/utils/emissions.ts","statementMap":{},"fnMap":{},"branchMap":{},"s":{},"f":{},"b":{},"meta":{"lastBranch":0,"lastFunction":0,"lastStatement":0,"seen":{},"fnNames":{}}}
,"/tmp/cc-agent/67759970/project/src/utils/locale.ts": {"path":"/tmp/cc-agent/67759970/project/src/utils/locale.ts","statementMap":{"0":{"start":{"line":3,"column":50},"end":{"line":14,"column":null}},"1":{"start":{"line":17,"column":2},"end":{"line":17,"column":null}},"2":{"start":{"line":20,"column":62},"end":{"line":31,"column":null}},"3":{"start":{"line":33,"column":49},"end":{"line":44,"column":null}}},"fnMap":{"0":{"name":"getLocale","decl":{"start":{"line":16,"column":16},"end":{"line":16,"column":26}},"loc":{"start":{"line":16,"column":58},"end":{"line":18,"column":null}},"line":16}},"branchMap":{},"s":{"0":5,"1":45,"2":5,"3":5},"f":{"0":45},"b":{},"meta":{"lastBranch":0,"lastFunction":1,"lastStatement":4,"seen":{"s:3:50:14:Infinity":0,"f:16:16:16:26":0,"s:17:2:17:Infinity":1,"s:20:62:31:Infinity":2,"s:33:49:44:Infinity":3},"fnNames":{}}}
,"/tmp/cc-agent/67759970/project/src/utils/validation.ts": {"path":"/tmp/cc-agent/67759970/project/src/utils/validation.ts","statementMap":{"0":{"start":{"line":21,"column":83},"end":{"line":27,"column":null}},"1":{"start":{"line":29,"column":27},"end":{"line":29,"column":null}},"2":{"start":{"line":30,"column":20},"end":{"line":30,"column":null}},"3":{"start":{"line":39,"column":18},"end":{"line":39,"column":null}},"4":{"start":{"line":40,"column":2},"end":{"line":40,"column":null}},"5":{"start":{"line":40,"column":16},"end":{"line":40,"column":null}},"6":{"start":{"line":41,"column":2},"end":{"line":41,"column":null}},"7":{"start":{"line":41,"column":34},"end":{"line":41,"column":null}},"8":{"start":{"line":42,"column":2},"end":{"line":42,"column":null}},"9":{"start":{"line":42,"column":52},"end":{"line":42,"column":null}},"10":{"start":{"line":43,"column":2},"end":{"line":43,"column":null}},"11":{"start":{"line":53,"column":18},"end":{"line":53,"column":null}},"12":{"start":{"line":54,"column":2},"end":{"line":54,"column":null}},"13":{"start":{"line":54,"column":16},"end":{"line":54,"column":null}},"14":{"start":{"line":55,"column":2},"end":{"line":55,"column":null}},"15":{"start":{"line":55,"column":51},"end":{"line":55,"column":null}},"16":{"start":{"line":56,"column":2},"end":{"line":56,"column":null}},"17":{"start":{"line":56,"column":51},"end":{"line":56,"column":null}},"18":{"start":{"line":57,"column":19},"end":{"line":57,"column":null}},"19":{"start":{"line":58,"column":2},"end":{"line":58,"column":null}},"20":{"start":{"line":58,"column":28},"end":{"line":58,"column":null}},"21":{"start":{"line":59,"column":2},"end":{"line":59,"column":null}},"22":{"start":{"line":69,"column":2},"end":{"line":69,"column":null}},"23":{"start":{"line":69,"column":17},"end":{"line":69,"column":null}},"24":{"start":{"line":70,"column":2},"end":{"line":70,"column":null}},"25":{"start":{"line":70,"column":56},"end":{"line":70,"column":null}},"26":{"start":{"line":71,"column":2},"end":{"line":71,"column":null}},"27":{"start":{"line":71,"column":56},"end":{"line":71,"column":null}},"28":{"start":{"line":72,"column":2},"end":{"line":72,"column":null}},"29":{"start":{"line":82,"column":2},"end":{"line":82,"column":null}},"30":{"start":{"line":82,"column":17},"end":{"line":82,"column":null}},"31":{"start":{"line":83,"column":17},"end":{"line":83,"column":null}},"32":{"start":{"line":84,"column":32},"end":{"line":84,"column":null}},"33":{"start":{"line":85,"column":2},"end":{"line":85,"column":null}},"34":{"start":{"line":85,"column":57},"end":{"line":85,"column":74}},"35":{"start":{"line":85,"column":74},"end":{"line":85,"column":null}},"36":{"start":{"line":86,"column":2},"end":{"line":86,"column":null}},"37":{"start":{"line":86,"column":29},"end":{"line":86,"column":null}},"38":{"start":{"line":87,"column":2},"end":{"line":87,"column":null}},"39":{"start":{"line":87,"column":56},"end":{"line":87,"column":73}},"40":{"start":{"line":87,"column":73},"end":{"line":87,"column":null}},"41":{"start":{"line":88,"column":2},"end":{"line":88,"column":null}},"42":{"start":{"line":88,"column":27},"end":{"line":88,"column":44}},"43":{"start":{"line":88,"column":44},"end":{"line":88,"column":null}},"44":{"start":{"line":89,"column":2},"end":{"line":89,"column":null}},"45":{"start":{"line":89,"column":36},"end":{"line":89,"column":53}},"46":{"start":{"line":89,"column":53},"end":{"line":89,"column":null}},"47":{"start":{"line":90,"column":16},"end":{"line":90,"column":null}},"48":{"start":{"line":91,"column":2},"end":{"line":91,"column":null}},"49":{"start":{"line":104,"column":2},"end":{"line":104,"column":null}},"50":{"start":{"line":104,"column":61},"end":{"line":104,"column":null}},"51":{"start":{"line":105,"column":2},"end":{"line":105,"column":null}},"52":{"start":{"line":105,"column":31},"end":{"line":105,"column":null}},"53":{"start":{"line":106,"column":2},"end":{"line":106,"column":null}},"54":{"start":{"line":106,"column":19},"end":{"line":106,"column":null}},"55":{"start":{"line":107,"column":2},"end":{"line":107,"column":null}},"56":{"start":{"line":107,"column":19},"end":{"line":107,"column":null}},"57":{"start":{"line":108,"column":2},"end":{"line":108,"column":null}},"58":{"start":{"line":118,"column":2},"end":{"line":118,"column":null}},"59":{"start":{"line":128,"column":2},"end":{"line":128,"column":null}},"60":{"start":{"line":128,"column":20},"end":{"line":128,"column":null}},"61":{"start":{"line":129,"column":2},"end":{"line":129,"column":null}},"62":{"start":{"line":139,"column":14},"end":{"line":139,"column":null}},"63":{"start":{"line":140,"column":2},"end":{"line":140,"column":null}},"64":{"start":{"line":141,"column":2},"end":{"line":141,"column":null}}},"fnMap":{"0":{"name":"validateEmail","decl":{"start":{"line":38,"column":16},"end":{"line":38,"column":30}},"loc":{"start":{"line":38,"column":63},"end":{"line":44,"column":null}},"line":38},"1":{"name":"validateName","decl":{"start":{"line":52,"column":16},"end":{"line":52,"column":29}},"loc":{"start":{"line":52,"column":61},"end":{"line":60,"column":null}},"line":52},"2":{"name":"validatePassword","decl":{"start":{"line":68,"column":16},"end":{"line":68,"column":33}},"loc":{"start":{"line":68,"column":69},"end":{"line":73,"column":null}},"line":68},"3":{"name":"getPasswordStrength","decl":{"start":{"line":81,"column":16},"end":{"line":81,"column":36}},"loc":{"start":{"line":81,"column":72},"end":{"line":92,"column":null}},"line":81},"4":{"name":"validateNumberInput","decl":{"start":{"line":103,"column":16},"end":{"line":103,"column":36}},"loc":{"start":{"line":103,"column":122},"end":{"line":109,"column":null}},"line":103},"5":{"name":"sanitizeText","decl":{"start":{"line":117,"column":16},"end":{"line":117,"column":29}},"loc":{"start":{"line":117,"column":52},"end":{"line":119,"column":null}},"line":117},"6":{"name":"validateCity","decl":{"start":{"line":127,"column":16},"end":{"line":127,"column":29}},"loc":{"start":{"line":127,"column":61},"end":{"line":130,"column":null}},"line":127},"7":{"name":"sanitizeForDisplay","decl":{"start":{"line":138,"column":16},"end":{"line":138,"column":35}},"loc":{"start":{"line":138,"column":58},"end":{"line":142,"column":null}},"line":138}},"branchMap":{"0":{"loc":{"start":{"line":40,"column":2},"end":{"line":40,"column":null}},"type":"if","locations":[{"start":{"line":40,"column":2},"end":{"line":40,"column":null}},{"start":{},"end":{}}],"line":40},"1":{"loc":{"start":{"line":41,"column":2},"end":{"line":41,"column":null}},"type":"if","locations":[{"start":{"line":41,"column":2},"end":{"line":41,"column":null}},{"start":{},"end":{}}],"line":41},"2":{"loc":{"start":{"line":42,"column":2},"end":{"line":42,"column":null}},"type":"if","locations":[{"start":{"line":42,"column":2},"end":{"line":42,"column":null}},{"start":{},"end":{}}],"line":42},"3":{"loc":{"start":{"line":54,"column":2},"end":{"line":54,"column":null}},"type":"if","locations":[{"start":{"line":54,"column":2},"end":{"line":54,"column":null}},{"start":{},"end":{}}],"line":54},"4":{"loc":{"start":{"line":55,"column":2},"end":{"line":55,"column":null}},"type":"if","locations":[{"start":{"line":55,"column":2},"end":{"line":55,"column":null}},{"start":{},"end":{}}],"line":55},"5":{"loc":{"start":{"line":56,"column":2},"end":{"line":56,"column":null}},"type":"if","locations":[{"start":{"line":56,"column":2},"end":{"line":56,"column":null}},{"start":{},"end":{}}],"line":56},"6":{"loc":{"start":{"line":58,"column":2},"end":{"line":58,"column":null}},"type":"if","locations":[{"start":{"line":58,"column":2},"end":{"line":58,"column":null}},{"start":{},"end":{}}],"line":58},"7":{"loc":{"start":{"line":69,"column":2},"end":{"line":69,"column":null}},"type":"if","locations":[{"start":{"line":69,"column":2},"end":{"line":69,"column":null}},{"start":{},"end":{}}],"line":69},"8":{"loc":{"start":{"line":70,"column":2},"end":{"line":70,"column":null}},"type":"if","locations":[{"start":{"line":70,"column":2},"end":{"line":70,"column":null}},{"start":{},"end":{}}],"line":70},"9":{"loc":{"start":{"line":71,"column":2},"end":{"line":71,"column":null}},"type":"if","locations":[{"start":{"line":71,"column":2},"end":{"line":71,"column":null}},{"start":{},"end":{}}],"line":71},"10":{"loc":{"start":{"line":82,"column":2},"end":{"line":82,"column":null}},"type":"if","locations":[{"start":{"line":82,"column":2},"end":{"line":82,"column":null}},{"start":{},"end":{}}],"line":82},"11":{"loc":{"start":{"line":85,"column":2},"end":{"line":85,"column":null}},"type":"if","locations":[{"start":{"line":85,"column":2},"end":{"line":85,"column":null}},{"start":{"line":85,"column":74},"end":{"line":85,"column":null}}],"line":85},"12":{"loc":{"start":{"line":86,"column":2},"end":{"line":86,"column":null}},"type":"if","locations":[{"start":{"line":86,"column":2},"end":{"line":86,"column":null}},{"start":{},"end":{}}],"line":86},"13":{"loc":{"start":{"line":87,"column":2},"end":{"line":87,"column":null}},"type":"if","locations":[{"start":{"line":87,"column":2},"end":{"line":87,"column":null}},{"start":{"line":87,"column":73},"end":{"line":87,"column":null}}],"line":87},"14":{"loc":{"start":{"line":87,"column":6},"end":{"line":87,"column":56}},"type":"binary-expr","locations":[{"start":{"line":87,"column":6},"end":{"line":87,"column":32}},{"start":{"line":87,"column":32},"end":{"line":87,"column":56}}],"line":87},"15":{"loc":{"start":{"line":88,"column":2},"end":{"line":88,"column":null}},"type":"if","locations":[{"start":{"line":88,"column":2},"end":{"line":88,"column":null}},{"start":{"line":88,"column":44},"end":{"line":88,"column":null}}],"line":88},"16":{"loc":{"start":{"line":89,"column":2},"end":{"line":89,"column":null}},"type":"if","locations":[{"start":{"line":89,"column":2},"end":{"line":89,"column":null}},{"start":{"line":89,"column":53},"end":{"line":89,"column":null}}],"line":89},"17":{"loc":{"start":{"line":104,"column":2},"end":{"line":104,"column":null}},"type":"if","locations":[{"start":{"line":104,"column":2},"end":{"line":104,"column":null}},{"start":{},"end":{}}],"line":104},"18":{"loc":{"start":{"line":104,"column":6},"end":{"line":104,"column":61}},"type":"binary-expr","locations":[{"start":{"line":104,"column":6},"end":{"line":104,"column":29}},{"start":{"line":104,"column":29},"end":{"line":104,"column":47}},{"start":{"line":104,"column":47},"end":{"line":104,"column":61}}],"line":104},"19":{"loc":{"start":{"line":105,"column":2},"end":{"line":105,"column":null}},"type":"if","locations":[{"start":{"line":105,"column":2},"end":{"line":105,"column":null}},{"start":{},"end":{}}],"line":105},"20":{"loc":{"start":{"line":106,"column":2},"end":{"line":106,"column":null}},"type":"if","locations":[{"start":{"line":106,"column":2},"end":{"line":106,"column":null}},{"start":{},"end":{}}],"line":106},"21":{"loc":{"start":{"line":107,"column":2},"end":{"line":107,"column":null}},"type":"if","locations":[{"start":{"line":107,"column":2},"end":{"line":107,"column":null}},{"start":{},"end":{}}],"line":107},"22":{"loc":{"start":{"line":128,"column":2},"end":{"line":128,"column":null}},"type":"if","locations":[{"start":{"line":128,"column":2},"end":{"line":128,"column":null}},{"start":{},"end":{}}],"line":128}},"s":{"0":5,"1":5,"2":5,"3":33,"4":33,"5":2,"6":31,"7":31,"8":26,"9":1,"10":25,"11":30,"12":30,"13":1,"14":29,"15":29,"16":28,"17":1,"18":27,"19":27,"20":2,"21":25,"22":29,"23":1,"24":28,"25":28,"26":26,"27":1,"28":25,"29":12,"30":1,"31":11,"32":11,"33":11,"34":8,"35":3,"36":11,"37":0,"38":11,"39":4,"40":7,"41":11,"42":4,"43":7,"44":11,"45":2,"46":9,"47":11,"48":11,"49":52,"50":2,"51":50,"52":50,"53":49,"54":49,"55":47,"56":47,"57":45,"58":59,"59":3,"60":2,"61":1,"62":0,"63":0,"64":0},"f":{"0":33,"1":30,"2":29,"3":12,"4":52,"5":59,"6":3,"7":0},"b":{"0":[2,31],"1":[5,26],"2":[1,25],"3":[1,29],"4":[1,28],"5":[1,27],"6":[2,25],"7":[1,28],"8":[2,26],"9":[1,25],"10":[1,11],"11":[8,3],"12":[0,11],"13":[4,7],"14":[11,11],"15":[4,7],"16":[2,9],"17":[2,50],"18":[52,51,51],"19":[1,49],"20":[2,47],"21":[2,45],"22":[2,1]},"meta":{"lastBranch":23,"lastFunction":8,"lastStatement":65,"seen":{"s:21:83:27:Infinity":0,"s:29:27:29:Infinity":1,"s:30:20:30:Infinity":2,"f:38:16:38:30":0,"s:39:18:39:Infinity":3,"b:40:2:40:Infinity:undefined:undefined:undefined:undefined":0,"s:40:2:40:Infinity":4,"s:40:16:40:Infinity":5,"b:41:2:41:Infinity:undefined:undefined:undefined:undefined":1,"s:41:2:41:Infinity":6,"s:41:34:41:Infinity":7,"b:42:2:42:Infinity:undefined:undefined:undefined:undefined":2,"s:42:2:42:Infinity":8,"s:42:52:42:Infinity":9,"s:43:2:43:Infinity":10,"f:52:16:52:29":1,"s:53:18:53:Infinity":11,"b:54:2:54:Infinity:undefined:undefined:undefined:undefined":3,"s:54:2:54:Infinity":12,"s:54:16:54:Infinity":13,"b:55:2:55:Infinity:undefined:undefined:undefined:undefined":4,"s:55:2:55:Infinity":14,"s:55:51:55:Infinity":15,"b:56:2:56:Infinity:undefined:undefined:undefined:undefined":5,"s:56:2:56:Infinity":16,"s:56:51:56:Infinity":17,"s:57:19:57:Infinity":18,"b:58:2:58:Infinity:undefined:undefined:undefined:undefined":6,"s:58:2:58:Infinity":19,"s:58:28:58:Infinity":20,"s:59:2:59:Infinity":21,"f:68:16:68:33":2,"b:69:2:69:Infinity:undefined:undefined:undefined:undefined":7,"s:69:2:69:Infinity":22,"s:69:17:69:Infinity":23,"b:70:2:70:Infinity:undefined:undefined:undefined:undefined":8,"s:70:2:70:Infinity":24,"s:70:56:70:Infinity":25,"b:71:2:71:Infinity:undefined:undefined:undefined:undefined":9,"s:71:2:71:Infinity":26,"s:71:56:71:Infinity":27,"s:72:2:72:Infinity":28,"f:81:16:81:36":3,"b:82:2:82:Infinity:undefined:undefined:undefined:undefined":10,"s:82:2:82:Infinity":29,"s:82:17:82:Infinity":30,"s:83:17:83:Infinity":31,"s:84:32:84:Infinity":32,"b:85:2:85:Infinity:85:74:85:Infinity":11,"s:85:2:85:Infinity":33,"s:85:57:85:74":34,"s:85:74:85:Infinity":35,"b:86:2:86:Infinity:undefined:undefined:undefined:undefined":12,"s:86:2:86:Infinity":36,"s:86:29:86:Infinity":37,"b:87:2:87:Infinity:87:73:87:Infinity":13,"s:87:2:87:Infinity":38,"b:87:6:87:32:87:32:87:56":14,"s:87:56:87:73":39,"s:87:73:87:Infinity":40,"b:88:2:88:Infinity:88:44:88:Infinity":15,"s:88:2:88:Infinity":41,"s:88:27:88:44":42,"s:88:44:88:Infinity":43,"b:89:2:89:Infinity:89:53:89:Infinity":16,"s:89:2:89:Infinity":44,"s:89:36:89:53":45,"s:89:53:89:Infinity":46,"s:90:16:90:Infinity":47,"s:91:2:91:Infinity":48,"f:103:16:103:36":4,"b:104:2:104:Infinity:undefined:undefined:undefined:undefined":17,"s:104:2:104:Infinity":49,"b:104:6:104:29:104:29:104:47:104:47:104:61":18,"s:104:61:104:Infinity":50,"b:105:2:105:Infinity:undefined:undefined:undefined:undefined":19,"s:105:2:105:Infinity":51,"s:105:31:105:Infinity":52,"b:106:2:106:Infinity:undefined:undefined:undefined:undefined":20,"s:106:2:106:Infinity":53,"s:106:19:106:Infinity":54,"b:107:2:107:Infinity:undefined:undefined:undefined:undefined":21,"s:107:2:107:Infinity":55,"s:107:19:107:Infinity":56,"s:108:2:108:Infinity":57,"f:117:16:117:29":5,"s:118:2:118:Infinity":58,"f:127:16:127:29":6,"b:128:2:128:Infinity:undefined:undefined:undefined:undefined":22,"s:128:2:128:Infinity":59,"s:128:20:128:Infinity":60,"s:129:2:129:Infinity":61,"f:138:16:138:35":7,"s:139:14:139:Infinity":62,"s:140:2:140:Infinity":63,"s:141:2:141:Infinity":64},"fnNames":{}}}
}
